frontend/app/build/intermediates/manifest_merge_blame_file/debug/manifest-merger-blame-debug-report.txt
1<?xml version="1.0" encoding="utf-8"?>
2<manifest xmlns:android="http://schemas.android.com/apk/res/android"
3    package="com.lingvosphere"
4    android:versionCode="1"
5    android:versionName="1.0" >
6
7    <uses-sdk
8        android:minSdkVersion="24"
9        android:targetSdkVersion="33" />
10
11    <uses-permission android:name="android.permission.INTERNET" />
11-->src\main\AndroidManifest.xml:5:5-67
11-->src\main\AndroidManifest.xml:5:22-64
12    <uses-permission android:name="android.permission.ACCESS_NETWORK_STATE" />
12-->src\main\AndroidManifest.xml:6:5-79
12-->src\main\AndroidManifest.xml:6:22-76
13
14    <permission
14-->[androidx.core:core:1.9.0] AndroidManifest.xml:22:5-24:47
15        android:name="com.lingvosphere.DYNAMIC_RECEIVER_NOT_EXPORTED_PERMISSION"
15-->[androidx.core:core:1.9.0] AndroidManifest.xml:23:9-81
16        android:protectionLevel="signature" />
16-->[androidx.core:core:1.9.0] AndroidManifest.xml:24:9-44
17
18    <uses-permission android:name="com.lingvosphere.DYNAMIC_RECEIVER_NOT_EXPORTED_PERMISSION" />
18-->[androidx.core:core:1.9.0] AndroidManifest.xml:26:5-97
18-->[androidx.core:core:1.9.0] AndroidManifest.xml:26:22-94
19
20    <application
20-->src\main\AndroidManifest.xml:8:5-105:19
21        android:allowBackup="true"
21-->src\main\AndroidManifest.xml:9:9-35
22        android:appComponentFactory="androidx.core.app.CoreComponentFactory"
22-->[androidx.core:core:1.9.0] AndroidManifest.xml:28:18-86
23        android:dataExtractionRules="@xml/data_extraction_rules"
23-->src\main\AndroidManifest.xml:10:9-65
24        android:debuggable="true"
25        android:extractNativeLibs="false"
26        android:fullBackupContent="@xml/backup_rules"
26-->src\main\AndroidManifest.xml:11:9-54
27        android:icon="@mipmap/lingvosphere_icon"
27-->src\main\AndroidManifest.xml:12:9-49
28        android:label="@string/app_name"
28-->src\main\AndroidManifest.xml:13:9-41
29        android:roundIcon="@mipmap/lingvosphere_icon_round"
29-->src\main\AndroidManifest.xml:14:9-60
30        android:supportsRtl="true"
30-->src\main\AndroidManifest.xml:15:9-35
31        android:testOnly="true"
32        android:theme="@style/Theme.LingvoSphere"
32-->src\main\AndroidManifest.xml:16:9-50
33        android:usesCleartextTraffic="true" >
33-->src\main\AndroidManifest.xml:17:9-44
34        <activity
34-->src\main\AndroidManifest.xml:19:9-21:40
35            android:name="com.lingvosphere.CertActivity"
35-->src\main\AndroidManifest.xml:20:13-41
36            android:exported="false" />
36-->src\main\AndroidManifest.xml:21:13-37
37        <activity
37-->src\main\AndroidManifest.xml:22:9-24:40
38            android:name="com.lingvosphere.ResultActivity"
38-->src\main\AndroidManifest.xml:23:13-43
39            android:exported="false" />
39-->src\main\AndroidManifest.xml:24:13-37
40        <activity
40-->src\main\AndroidManifest.xml:25:9-27:40
41            android:name="com.lingvosphere.GeneratingCourseActivity"
41-->src\main\AndroidManifest.xml:26:13-53
42            android:exported="false" />
42-->src\main\AndroidManifest.xml:27:13-37
43        <activity
43-->src\main\AndroidManifest.xml:28:9-30:40
44            android:name="com.lingvosphere.TestActivity"
44-->src\main\AndroidManifest.xml:29:13-41
45            android:exported="false" />
45-->src\main\AndroidManifest.xml:30:13-37
46        <activity
46-->src\main\AndroidManifest.xml:31:9-33:40
47            android:name="com.lingvosphere.LearningActivity"
47-->src\main\AndroidManifest.xml:32:13-45
48            android:exported="false" />
48-->src\main\AndroidManifest.xml:33:13-37
49        <activity
49-->src\main\AndroidManifest.xml:34:9-36:40
50            android:name="com.lingvosphere.NewScheduleActivity"
50-->src\main\AndroidManifest.xml:35:13-48
51            android:exported="false" />
51-->src\main\AndroidManifest.xml:36:13-37
52        <activity
52-->src\main\AndroidManifest.xml:37:9-39:39
53            android:name="com.lingvosphere.ViewMentorProfileActivity2"
53-->src\main\AndroidManifest.xml:38:13-55
54            android:exported="true" />
54-->src\main\AndroidManifest.xml:39:13-36
55        <activity
55-->src\main\AndroidManifest.xml:40:9-42:40
56            android:name="com.lingvosphere.BookMentorActivity"
56-->src\main\AndroidManifest.xml:41:13-47
57            android:exported="false" />
57-->src\main\AndroidManifest.xml:42:13-37
58        <activity
58-->src\main\AndroidManifest.xml:43:9-45:39
59            android:name="com.lingvosphere.ProfileEditingActivity"
59-->src\main\AndroidManifest.xml:44:13-51
60            android:exported="true" />
60-->src\main\AndroidManifest.xml:45:13-36
61        <activity
61-->src\main\AndroidManifest.xml:46:9-48:40
62            android:name="com.lingvosphere.AddEventActivity"
62-->src\main\AndroidManifest.xml:47:13-45
63            android:exported="false" />
63-->src\main\AndroidManifest.xml:48:13-37
64        <activity
64-->src\main\AndroidManifest.xml:49:9-51:40
65            android:name="com.lingvosphere.LevelSelcetionActivity"
65-->src\main\AndroidManifest.xml:50:13-51
66            android:exported="false" />
66-->src\main\AndroidManifest.xml:51:13-37
67        <activity
67-->src\main\AndroidManifest.xml:52:9-54:40
68            android:name="com.lingvosphere.CourseEnrollActivity"
68-->src\main\AndroidManifest.xml:53:13-49
69            android:exported="false" />
69-->src\main\AndroidManifest.xml:54:13-37
70        <activity
70-->src\main\AndroidManifest.xml:55:9-57:39
71            android:name="com.lingvosphere.ForgotPassword"
71-->src\main\AndroidManifest.xml:56:13-43
72            android:exported="true" />
72-->src\main\AndroidManifest.xml:57:13-36
73        <activity
73-->src\main\AndroidManifest.xml:58:9-60:39
74            android:name="com.lingvosphere.MainActivity"
74-->src\main\AndroidManifest.xml:59:13-41
75            android:exported="true" />
75-->src\main\AndroidManifest.xml:60:13-36
76        <activity
76-->src\main\AndroidManifest.xml:61:9-63:40
77            android:name="com.lingvosphere.LearningTimelineActivity"
77-->src\main\AndroidManifest.xml:62:13-53
78            android:exported="false" />
78-->src\main\AndroidManifest.xml:63:13-37
79        <activity
79-->src\main\AndroidManifest.xml:64:9-72:20
80            android:name="com.lingvosphere.SplashActivity"
80-->src\main\AndroidManifest.xml:65:13-43
81            android:exported="true" >
81-->src\main\AndroidManifest.xml:66:13-36
82            <intent-filter>
82-->src\main\AndroidManifest.xml:67:13-71:29
83                <action android:name="android.intent.action.MAIN" />
83-->src\main\AndroidManifest.xml:68:17-69
83-->src\main\AndroidManifest.xml:68:25-66
84
85                <category android:name="android.intent.category.LAUNCHER" />
85-->src\main\AndroidManifest.xml:70:17-77
85-->src\main\AndroidManifest.xml:70:27-74
86            </intent-filter>
87        </activity>
88        <activity
88-->src\main\AndroidManifest.xml:73:9-75:40
89            android:name="com.lingvosphere.EmailVerificationActivity"
89-->src\main\AndroidManifest.xml:74:13-54
90            android:exported="false" />
90-->src\main\AndroidManifest.xml:75:13-37
91        <activity android:name="com.lingvosphere.SignUpActivity" />
91-->src\main\AndroidManifest.xml:76:9-52
91-->src\main\AndroidManifest.xml:76:19-49
92        <activity
92-->src\main\AndroidManifest.xml:77:9-79:40
93            android:name="com.lingvosphere.AIChatActivity"
93-->src\main\AndroidManifest.xml:78:13-43
94            android:exported="false" />
94-->src\main\AndroidManifest.xml:79:13-37
95        <activity
95-->src\main\AndroidManifest.xml:80:9-82:39
96            android:name="com.lingvosphere.ViewMentorProfileActivity1"
96-->src\main\AndroidManifest.xml:81:13-55
97            android:exported="true" /> <!-- <activity -->
97-->src\main\AndroidManifest.xml:82:13-36
98        <activity
98-->src\main\AndroidManifest.xml:83:9-85:39
99            android:name="com.lingvosphere.AccoladeOasisActivity"
99-->src\main\AndroidManifest.xml:84:13-50
100            android:exported="true" />
100-->src\main\AndroidManifest.xml:85:13-36
101        <activity
101-->src\main\AndroidManifest.xml:86:9-88:40
102            android:name="com.lingvosphere.WelcomePageActivity"
102-->src\main\AndroidManifest.xml:87:13-48
103            android:exported="false" />
103-->src\main\AndroidManifest.xml:88:13-37
104        <activity
104-->src\main\AndroidManifest.xml:89:9-91:39
105            android:name="com.lingvosphere.LoginPageActivity"
105-->src\main\AndroidManifest.xml:90:13-46
106            android:exported="true" />
106-->src\main\AndroidManifest.xml:91:13-36
107        <activity android:name="com.lingvosphere.AddPostActivity" />
107-->src\main\AndroidManifest.xml:92:9-53
107-->src\main\AndroidManifest.xml:92:19-50
108        <activity android:name="com.lingvosphere.CommunityCornerActivity" />
108-->src\main\AndroidManifest.xml:93:9-61
108-->src\main\AndroidManifest.xml:93:19-58
109        <activity
109-->src\main\AndroidManifest.xml:94:9-98:72
110            android:name="com.yalantis.ucrop.UCropActivity"
110-->src\main\AndroidManifest.xml:95:13-60
111            android:exported="false"
111-->src\main\AndroidManifest.xml:96:13-37
112            android:screenOrientation="portrait"
112-->src\main\AndroidManifest.xml:97:13-49
113            android:theme="@style/Theme.AppCompat.Light.NoActionBar" />
113-->src\main\AndroidManifest.xml:98:13-69
114        <activity
114-->src\main\AndroidManifest.xml:99:9-101:40
115            android:name="com.lingvosphere.CropperActivity"
115-->src\main\AndroidManifest.xml:100:13-44
116            android:exported="false" />
116-->src\main\AndroidManifest.xml:101:13-37
117        <activity
117-->src\main\AndroidManifest.xml:102:9-104:40
118            android:name="com.lingvosphere.CommentActivity"
118-->src\main\AndroidManifest.xml:103:13-44
119            android:exported="false" />
119-->src\main\AndroidManifest.xml:104:13-37
120
121        <provider
121-->[com.squareup.picasso:picasso:2.71828] AndroidManifest.xml:8:9-11:40
122            android:name="com.squareup.picasso.PicassoProvider"
122-->[com.squareup.picasso:picasso:2.71828] AndroidManifest.xml:9:13-64
123            android:authorities="com.lingvosphere.com.squareup.picasso"
123-->[com.squareup.picasso:picasso:2.71828] AndroidManifest.xml:10:13-72
124            android:exported="false" />
124-->[com.squareup.picasso:picasso:2.71828] AndroidManifest.xml:11:13-37
125
126        <activity
126-->[com.google.firebase:firebase-auth:22.3.0] AndroidManifest.xml:29:9-46:20
127            android:name="com.google.firebase.auth.internal.GenericIdpActivity"
127-->[com.google.firebase:firebase-auth:22.3.0] AndroidManifest.xml:30:13-80
128            android:excludeFromRecents="true"
128-->[com.google.firebase:firebase-auth:22.3.0] AndroidManifest.xml:31:13-46
129            android:exported="true"
129-->[com.google.firebase:firebase-auth:22.3.0] AndroidManifest.xml:32:13-36
130            android:launchMode="singleTask"
130-->[com.google.firebase:firebase-auth:22.3.0] AndroidManifest.xml:33:13-44
131            android:theme="@android:style/Theme.Translucent.NoTitleBar" >
131-->[com.google.firebase:firebase-auth:22.3.0] AndroidManifest.xml:34:13-72
132            <intent-filter>
132-->[com.google.firebase:firebase-auth:22.3.0] AndroidManifest.xml:35:13-45:29
133                <action android:name="android.intent.action.VIEW" />
133-->[com.google.firebase:firebase-auth:22.3.0] AndroidManifest.xml:36:17-69
133-->[com.google.firebase:firebase-auth:22.3.0] AndroidManifest.xml:36:25-66
134
135                <category android:name="android.intent.category.DEFAULT" />
135-->[com.google.firebase:firebase-auth:22.3.0] AndroidManifest.xml:38:17-76
135-->[com.google.firebase:firebase-auth:22.3.0] AndroidManifest.xml:38:27-73
136                <category android:name="android.intent.category.BROWSABLE" />
136-->[com.google.firebase:firebase-auth:22.3.0] AndroidManifest.xml:39:17-78
136-->[com.google.firebase:firebase-auth:22.3.0] AndroidManifest.xml:39:27-75
137
138                <data
138-->[com.google.firebase:firebase-auth:22.3.0] AndroidManifest.xml:41:17-44:51
139                    android:host="firebase.auth"
139-->[com.google.firebase:firebase-auth:22.3.0] AndroidManifest.xml:42:21-49
140                    android:path="/"
140-->[com.google.firebase:firebase-auth:22.3.0] AndroidManifest.xml:43:21-37
141                    android:scheme="genericidp" />
141-->[com.google.firebase:firebase-auth:22.3.0] AndroidManifest.xml:44:21-48
142            </intent-filter>
143        </activity>
144        <activity
144-->[com.google.firebase:firebase-auth:22.3.0] AndroidManifest.xml:47:9-64:20
145            android:name="com.google.firebase.auth.internal.RecaptchaActivity"
145-->[com.google.firebase:firebase-auth:22.3.0] AndroidManifest.xml:48:13-79
146            android:excludeFromRecents="true"
146-->[com.google.firebase:firebase-auth:22.3.0] AndroidManifest.xml:49:13-46
147            android:exported="true"
147-->[com.google.firebase:firebase-auth:22.3.0] AndroidManifest.xml:50:13-36
148            android:launchMode="singleTask"
148-->[com.google.firebase:firebase-auth:22.3.0] AndroidManifest.xml:51:13-44
149            android:theme="@android:style/Theme.Translucent.NoTitleBar" >
149-->[com.google.firebase:firebase-auth:22.3.0] AndroidManifest.xml:52:13-72
150            <intent-filter>
150-->[com.google.firebase:firebase-auth:22.3.0] AndroidManifest.xml:53:13-63:29
151                <action android:name="android.intent.action.VIEW" />
151-->[com.google.firebase:firebase-auth:22.3.0] AndroidManifest.xml:36:17-69
151-->[com.google.firebase:firebase-auth:22.3.0] AndroidManifest.xml:36:25-66
152
153                <category android:name="android.intent.category.DEFAULT" />
153-->[com.google.firebase:firebase-auth:22.3.0] AndroidManifest.xml:38:17-76
153-->[com.google.firebase:firebase-auth:22.3.0] AndroidManifest.xml:38:27-73
154                <category android:name="android.intent.category.BROWSABLE" />
154-->[com.google.firebase:firebase-auth:22.3.0] AndroidManifest.xml:39:17-78
154-->[com.google.firebase:firebase-auth:22.3.0] AndroidManifest.xml:39:27-75
155
156                <data
156-->[com.google.firebase:firebase-auth:22.3.0] AndroidManifest.xml:41:17-44:51
157                    android:host="firebase.auth"
157-->[com.google.firebase:firebase-auth:22.3.0] AndroidManifest.xml:42:21-49
158                    android:path="/"
158-->[com.google.firebase:firebase-auth:22.3.0] AndroidManifest.xml:43:21-37
159                    android:scheme="recaptcha" />
159-->[com.google.firebase:firebase-auth:22.3.0] AndroidManifest.xml:44:21-48
160            </intent-filter>
161        </activity>
162
163        <service
163-->[com.google.firebase:firebase-auth:22.3.0] AndroidManifest.xml:66:9-72:19
164            android:name="com.google.firebase.components.ComponentDiscoveryService"
164-->[com.google.firebase:firebase-auth:22.3.0] AndroidManifest.xml:67:13-84
165            android:directBootAware="true"
165-->[com.google.firebase:firebase-common:20.4.2] AndroidManifest.xml:32:13-43
166            android:exported="false" >
166-->[com.google.firebase:firebase-auth:22.3.0] AndroidManifest.xml:68:13-37
167            <meta-data
167-->[com.google.firebase:firebase-auth:22.3.0] AndroidManifest.xml:69:13-71:85
168                android:name="com.google.firebase.components:com.google.firebase.auth.FirebaseAuthRegistrar"
168-->[com.google.firebase:firebase-auth:22.3.0] AndroidManifest.xml:70:17-109
169                android:value="com.google.firebase.components.ComponentRegistrar" />
169-->[com.google.firebase:firebase-auth:22.3.0] AndroidManifest.xml:71:17-82
170            <meta-data
170-->[com.google.firebase:firebase-firestore:23.0.3] AndroidManifest.xml:20:13-22:85
171                android:name="com.google.firebase.components:com.google.firebase.firestore.FirestoreRegistrar"
171-->[com.google.firebase:firebase-firestore:23.0.3] AndroidManifest.xml:21:17-111
172                android:value="com.google.firebase.components.ComponentRegistrar" />
172-->[com.google.firebase:firebase-firestore:23.0.3] AndroidManifest.xml:22:17-82
173            <meta-data
173-->[com.google.firebase:firebase-common-ktx:20.4.2] AndroidManifest.xml:12:13-14:85
174                android:name="com.google.firebase.components:com.google.firebase.ktx.FirebaseCommonLegacyRegistrar"
174-->[com.google.firebase:firebase-common-ktx:20.4.2] AndroidManifest.xml:13:17-116
175                android:value="com.google.firebase.components.ComponentRegistrar" />
175-->[com.google.firebase:firebase-common-ktx:20.4.2] AndroidManifest.xml:14:17-82
176            <meta-data
176-->[com.google.firebase:firebase-common:20.4.2] AndroidManifest.xml:35:13-37:85
177                android:name="com.google.firebase.components:com.google.firebase.FirebaseCommonKtxRegistrar"
177-->[com.google.firebase:firebase-common:20.4.2] AndroidManifest.xml:36:17-109
178                android:value="com.google.firebase.components.ComponentRegistrar" />
178-->[com.google.firebase:firebase-common:20.4.2] AndroidManifest.xml:37:17-82
179        </service>
180
181        <provider
181-->[com.google.firebase:firebase-common:20.4.2] AndroidManifest.xml:23:9-28:39
182            android:name="com.google.firebase.provider.FirebaseInitProvider"
182-->[com.google.firebase:firebase-common:20.4.2] AndroidManifest.xml:24:13-77
183            android:authorities="com.lingvosphere.firebaseinitprovider"
183-->[com.google.firebase:firebase-common:20.4.2] AndroidManifest.xml:25:13-72
184            android:directBootAware="true"
184-->[com.google.firebase:firebase-common:20.4.2] AndroidManifest.xml:26:13-43
185            android:exported="false"
185-->[com.google.firebase:firebase-common:20.4.2] AndroidManifest.xml:27:13-37
186            android:initOrder="100" />
186-->[com.google.firebase:firebase-common:20.4.2] AndroidManifest.xml:28:13-36
187
188        <activity
188-->[com.google.android.gms:play-services-base:18.0.1] AndroidManifest.xml:20:9-22:45
189            android:name="com.google.android.gms.common.api.GoogleApiActivity"
189-->[com.google.android.gms:play-services-base:18.0.1] AndroidManifest.xml:20:19-85
190            android:exported="false"
190-->[com.google.android.gms:play-services-base:18.0.1] AndroidManifest.xml:22:19-43
191            android:theme="@android:style/Theme.Translucent.NoTitleBar" />
191-->[com.google.android.gms:play-services-base:18.0.1] AndroidManifest.xml:21:19-78
192
193        <meta-data
193-->[com.google.android.gms:play-services-basement:18.1.0] AndroidManifest.xml:21:9-23:69
194            android:name="com.google.android.gms.version"
194-->[com.google.android.gms:play-services-basement:18.1.0] AndroidManifest.xml:22:13-58
195            android:value="@integer/google_play_services_version" />
195-->[com.google.android.gms:play-services-basement:18.1.0] AndroidManifest.xml:23:13-66
196
197        <provider
197-->[androidx.emoji2:emoji2:1.2.0] AndroidManifest.xml:24:9-32:20
198            android:name="androidx.startup.InitializationProvider"
198-->[androidx.emoji2:emoji2:1.2.0] AndroidManifest.xml:25:13-67
199            android:authorities="com.lingvosphere.androidx-startup"
199-->[androidx.emoji2:emoji2:1.2.0] AndroidManifest.xml:26:13-68
200            android:exported="false" >
200-->[androidx.emoji2:emoji2:1.2.0] AndroidManifest.xml:27:13-37
201            <meta-data
201-->[androidx.emoji2:emoji2:1.2.0] AndroidManifest.xml:29:13-31:52
202                android:name="androidx.emoji2.text.EmojiCompatInitializer"
202-->[androidx.emoji2:emoji2:1.2.0] AndroidManifest.xml:30:17-75
203                android:value="androidx.startup" />
203-->[androidx.emoji2:emoji2:1.2.0] AndroidManifest.xml:31:17-49
204            <meta-data
204-->[androidx.lifecycle:lifecycle-process:2.4.1] AndroidManifest.xml:31:13-33:52
205                android:name="androidx.lifecycle.ProcessLifecycleInitializer"
205-->[androidx.lifecycle:lifecycle-process:2.4.1] AndroidManifest.xml:32:17-78
206                android:value="androidx.startup" />
206-->[androidx.lifecycle:lifecycle-process:2.4.1] AndroidManifest.xml:33:17-49
207        </provider>
208    </application>
209
210</manifest>